<?xml version="1.0" encoding="UTF-8"?>
<!-- Generated by org.testng.reporters.JUnitXMLReporter -->
<testsuite hostname="ATMECSINDT-046" ignored="0" name="Default test" tests="4" failures="0" timestamp="13 Sep 2019 15:28:33 GMT" time="36.195" errors="0">
  <testcase name="verifyHomePage" time="15.012" classname="com.atmecs.practo.testscripts.Login"/>
  <testcase name="verifyPainrelfPage" time="9.091" classname="com.atmecs.practo.testscripts.Login"/>
  <testcase name="verifyFirstProduct" time="10.571" classname="com.atmecs.practo.testscripts.Login"/>
  <testcase name="verifyPdtinCart" time="1.469" classname="com.atmecs.practo.testscripts.VerifyCart"/>
</testsuite> <!-- Default test -->
