-------------------------------------------------------------------------------
Test set: TestSuite
-------------------------------------------------------------------------------
Tests run: 1, Failures: 1, Errors: 0, Skipped: 0, Time elapsed: 39.193 s <<< FAILURE! - in TestSuite
searchValidation(com.atmecs.Konakart_Automation.SearchValidation)  Time elapsed: 25.633 s  <<< FAILURE!
java.text.ParseException: Unparseable date: ""
	at com.atmecs.Konakart_Automation.SearchValidation.searchValidation(SearchValidation.java:47)

