<?xml version="1.0" encoding="UTF-8"?>
<testng-results skipped="0" failed="0" ignored="0" total="1" passed="1">
  <reporter-output>
  </reporter-output>
  <suite name="Default suite" duration-ms="14666" started-at="2019-09-30T13:13:15Z" finished-at="2019-09-30T13:13:30Z">
    <groups>
    </groups>
    <test name="Default test" duration-ms="14666" started-at="2019-09-30T13:13:15Z" finished-at="2019-09-30T13:13:30Z">
      <class name="com.atmecs.automation.testscripts.VerifyFootersAndContexts">
        <test-method status="PASS" signature="initializeBrowser()[pri:0, instance:com.atmecs.automation.testscripts.VerifyFootersAndContexts@23e028a9]" name="initializeBrowser" is-config="true" duration-ms="14064" started-at="2019-09-30T13:13:15Z" finished-at="2019-09-30T13:13:29Z">
          <reporter-output>
          </reporter-output>
        </test-method> <!-- initializeBrowser -->
        <test-method status="PASS" signature="verifyFooterContext()[pri:0, instance:com.atmecs.automation.testscripts.VerifyFootersAndContexts@23e028a9]" name="verifyFooterContext" duration-ms="569" started-at="2019-09-30T13:13:29Z" finished-at="2019-09-30T13:13:30Z">
          <reporter-output>
          </reporter-output>
        </test-method> <!-- verifyFooterContext -->
      </class> <!-- com.atmecs.automation.testscripts.VerifyFootersAndContexts -->
    </test> <!-- Default test -->
  </suite> <!-- Default suite -->
</testng-results>
