<?xml version="1.0" encoding="UTF-8"?>
<!-- Generated by org.testng.reporters.JUnitXMLReporter -->
<testsuite hostname="ATMECSINDT-046" ignored="0" name="Test" tests="2" failures="2" timestamp="25 Sep 2019 13:20:51 GMT" time="23.215" errors="0">
  <testcase name="homepageproducts" time="0.018" classname="com.atmecs.automation.testscripts.Homepage">
    <failure type="java.lang.IllegalArgumentException" message="Cannot find elements when the XPath is null.">
      <![CDATA[java.lang.IllegalArgumentException: Cannot find elements when the XPath is null.
at org.openqa.selenium.By$ByXPath.<init>(By.java:339)
at org.openqa.selenium.By.xpath(By.java:92)
at com.atmecs.automation.testscripts.Homepage.homepageproducts(Homepage.java:33)
... Removed 25 stack frames]]>
    </failure>
  </testcase> <!-- homepageproducts -->
  <testcase name="homepageproducts" time="0.001" classname="com.atmecs.automation.testscripts.Homepage">
    <failure type="java.lang.IllegalArgumentException" message="Cannot find elements when the XPath is null.">
      <![CDATA[java.lang.IllegalArgumentException: Cannot find elements when the XPath is null.
at org.openqa.selenium.By$ByXPath.<init>(By.java:339)
at org.openqa.selenium.By.xpath(By.java:92)
at com.atmecs.automation.testscripts.Homepage.homepageproducts(Homepage.java:33)
... Removed 25 stack frames]]>
    </failure>
  </testcase> <!-- homepageproducts -->
</testsuite> <!-- Test -->
