<?xml version="1.0" encoding="UTF-8"?>
<!-- Generated by org.testng.reporters.JUnitXMLReporter -->
<testsuite hostname="ATMECSINDT-046" ignored="2" name="Test" tests="2" failures="0" timestamp="04 Oct 2019 12:14:52 GMT" time="32.964" errors="0">
  <testcase name="HeroImageValidation" time="9.908" classname="com.atmecs.Konakart_Automation.HeroImageScenario"/>
  <testcase name="searchValidation" time="4.111" classname="com.atmecs.Konakart_Automation.SearchValidation"/>
  <testcase name="@AfterTest getClose" time="0.0" classname="com.atmecs.konakart_automation.reports.ExtentReport">
    <ignored/>
  </testcase> <!-- @AfterTest getClose -->
  <testcase name="@AfterTest getClose" time="0.0" classname="com.atmecs.konakart_automation.reports.ExtentReport">
    <ignored/>
  </testcase> <!-- @AfterTest getClose -->
</testsuite> <!-- Test -->
