<?xml version="1.0" encoding="UTF-8"?>
<testng-results skipped="0" failed="0" ignored="2" total="4" passed="2">
  <reporter-output>
  </reporter-output>
  <suite name="Suite" duration-ms="32964" started-at="2019-10-04T12:14:19Z" finished-at="2019-10-04T12:14:52Z">
    <groups>
    </groups>
    <test name="Test" duration-ms="32964" started-at="2019-10-04T12:14:19Z" finished-at="2019-10-04T12:14:52Z">
      <class name="com.atmecs.Konakart_Automation.HeroImageScenario">
        <test-method status="PASS" signature="startReports()[pri:0, instance:com.atmecs.Konakart_Automation.HeroImageScenario@5e5792a0]" name="startReports" is-config="true" duration-ms="136" started-at="2019-10-04T12:14:19Z" finished-at="2019-10-04T12:14:19Z">
          <reporter-output>
          </reporter-output>
        </test-method> <!-- startReports -->
        <test-method status="PASS" signature="startReports()[pri:0, instance:com.atmecs.Konakart_Automation.SearchValidation@26653222]" name="startReports" is-config="true" duration-ms="8" started-at="2019-10-04T12:14:19Z" finished-at="2019-10-04T12:14:19Z">
          <reporter-output>
          </reporter-output>
        </test-method> <!-- startReports -->
        <test-method status="PASS" signature="initializeBrowser()[pri:0, instance:com.atmecs.Konakart_Automation.HeroImageScenario@5e5792a0]" name="initializeBrowser" is-config="true" duration-ms="9768" started-at="2019-10-04T12:14:19Z" finished-at="2019-10-04T12:14:29Z">
          <reporter-output>
          </reporter-output>
        </test-method> <!-- initializeBrowser -->
        <test-method status="PASS" signature="HeroImageValidation()[pri:0, instance:com.atmecs.Konakart_Automation.HeroImageScenario@5e5792a0]" name="HeroImageValidation" duration-ms="9908" started-at="2019-10-04T12:14:29Z" finished-at="2019-10-04T12:14:39Z">
          <reporter-output>
          </reporter-output>
        </test-method> <!-- HeroImageValidation -->
        <test-method status="PASS" signature="getReport(org.testng.ITestResult)[pri:0, instance:com.atmecs.Konakart_Automation.HeroImageScenario@5e5792a0]" name="getReport" is-config="true" duration-ms="3" started-at="2019-10-04T12:14:39Z" finished-at="2019-10-04T12:14:39Z">
          <params>
            <param index="0">
              <value>
                <![CDATA[[TestResult name=HeroImageValidation status=SUCCESS method=HeroImageScenario.HeroImageValidation()[pri:0, instance:com.atmecs.Konakart_Automation.HeroImageScenario@5e5792a0] output={null}]]]>
              </value>
            </param>
          </params>
          <reporter-output>
          </reporter-output>
        </test-method> <!-- getReport -->
        <test-method status="PASS" signature="getClose()[pri:0, instance:com.atmecs.Konakart_Automation.HeroImageScenario@5e5792a0]" name="getClose" is-config="true" duration-ms="330" started-at="2019-10-04T12:14:52Z" finished-at="2019-10-04T12:14:52Z">
          <reporter-output>
          </reporter-output>
        </test-method> <!-- getClose -->
      </class> <!-- com.atmecs.Konakart_Automation.HeroImageScenario -->
      <class name="com.atmecs.Konakart_Automation.SearchValidation">
        <test-method status="PASS" signature="initializeBrowser()[pri:0, instance:com.atmecs.Konakart_Automation.SearchValidation@26653222]" name="initializeBrowser" is-config="true" duration-ms="8672" started-at="2019-10-04T12:14:39Z" finished-at="2019-10-04T12:14:47Z">
          <reporter-output>
          </reporter-output>
        </test-method> <!-- initializeBrowser -->
        <test-method status="PASS" signature="searchValidation()[pri:0, instance:com.atmecs.Konakart_Automation.SearchValidation@26653222]" name="searchValidation" duration-ms="4111" started-at="2019-10-04T12:14:47Z" finished-at="2019-10-04T12:14:52Z">
          <reporter-output>
          </reporter-output>
        </test-method> <!-- searchValidation -->
        <test-method status="PASS" signature="getReport(org.testng.ITestResult)[pri:0, instance:com.atmecs.Konakart_Automation.SearchValidation@26653222]" name="getReport" is-config="true" duration-ms="1" started-at="2019-10-04T12:14:52Z" finished-at="2019-10-04T12:14:52Z">
          <params>
            <param index="0">
              <value>
                <![CDATA[[TestResult name=searchValidation status=SUCCESS method=SearchValidation.searchValidation()[pri:0, instance:com.atmecs.Konakart_Automation.SearchValidation@26653222] output={null}]]]>
              </value>
            </param>
          </params>
          <reporter-output>
          </reporter-output>
        </test-method> <!-- getReport -->
      </class> <!-- com.atmecs.Konakart_Automation.SearchValidation -->
    </test> <!-- Test -->
  </suite> <!-- Suite -->
</testng-results>
