<?xml version="1.0" encoding="UTF-8"?>
<testng-results skipped="0" failed="0" ignored="0" total="1" passed="1">
  <reporter-output>
  </reporter-output>
  <suite name="Default suite" duration-ms="42565" started-at="2019-10-04T17:18:54Z" finished-at="2019-10-04T17:19:37Z">
    <groups>
    </groups>
    <test name="Default test" duration-ms="42565" started-at="2019-10-04T17:18:54Z" finished-at="2019-10-04T17:19:37Z">
      <class name="com.atmecs.Konakart_Automation.HeroImageScenario">
        <test-method status="PASS" signature="startReports()[pri:0, instance:com.atmecs.Konakart_Automation.HeroImageScenario@57536d79]" name="startReports" is-config="true" duration-ms="200" started-at="2019-10-04T17:18:54Z" finished-at="2019-10-04T17:18:54Z">
          <reporter-output>
          </reporter-output>
        </test-method> <!-- startReports -->
        <test-method status="PASS" signature="initializeBrowser()[pri:0, instance:com.atmecs.Konakart_Automation.HeroImageScenario@57536d79]" name="initializeBrowser" is-config="true" duration-ms="16076" started-at="2019-10-04T17:18:54Z" finished-at="2019-10-04T17:19:10Z">
          <reporter-output>
          </reporter-output>
        </test-method> <!-- initializeBrowser -->
        <test-method status="PASS" signature="HeroImageValidation()[pri:0, instance:com.atmecs.Konakart_Automation.HeroImageScenario@57536d79]" name="HeroImageValidation" duration-ms="25899" started-at="2019-10-04T17:19:10Z" finished-at="2019-10-04T17:19:36Z">
          <reporter-output>
          </reporter-output>
        </test-method> <!-- HeroImageValidation -->
        <test-method status="PASS" signature="getReport(org.testng.ITestResult)[pri:0, instance:com.atmecs.Konakart_Automation.HeroImageScenario@57536d79]" name="getReport" is-config="true" duration-ms="14" started-at="2019-10-04T17:19:36Z" finished-at="2019-10-04T17:19:36Z">
          <params>
            <param index="0">
              <value>
                <![CDATA[[TestResult name=HeroImageValidation status=SUCCESS method=HeroImageScenario.HeroImageValidation()[pri:0, instance:com.atmecs.Konakart_Automation.HeroImageScenario@57536d79] output={null}]]]>
              </value>
            </param>
          </params>
          <reporter-output>
          </reporter-output>
        </test-method> <!-- getReport -->
        <test-method status="PASS" signature="getClose()[pri:0, instance:com.atmecs.Konakart_Automation.HeroImageScenario@57536d79]" name="getClose" is-config="true" duration-ms="340" started-at="2019-10-04T17:19:36Z" finished-at="2019-10-04T17:19:37Z">
          <reporter-output>
          </reporter-output>
        </test-method> <!-- getClose -->
      </class> <!-- com.atmecs.Konakart_Automation.HeroImageScenario -->
    </test> <!-- Default test -->
  </suite> <!-- Default suite -->
</testng-results>
