<?xml version="1.0" encoding="UTF-8"?>
<!-- Generated by org.testng.reporters.JUnitXMLReporter -->
<testsuite hostname="ATMECSINDT-046" ignored="1" name="Test" tests="2" failures="0" timestamp="09 Oct 2019 15:11:28 GMT" time="60.914" errors="0">
  <testcase name="searchValidation" time="4.09" classname="com.atmecs.Konakart_Automation.SearchValidation"/>
  <testcase name="HeroImage" time="36.846" classname="com.atmecs.Konakart_Automation.HeroImage"/>
  <testcase name="@AfterTest getClose" time="0.0" classname="com.atmecs.konakart_automation.reports.ExtentReport">
    <ignored/>
  </testcase> <!-- @AfterTest getClose -->
</testsuite> <!-- Test -->
