<?xml version="1.0" encoding="UTF-8"?>
<testng-results skipped="0" failed="0" ignored="0" total="1" passed="1">
  <reporter-output>
  </reporter-output>
  <suite name="Default suite" duration-ms="60284" started-at="2019-10-03T13:37:50Z" finished-at="2019-10-03T13:38:50Z">
    <groups>
    </groups>
    <test name="Default test" duration-ms="60284" started-at="2019-10-03T13:37:50Z" finished-at="2019-10-03T13:38:50Z">
      <class name="com.atmecs.AtmecsProject2.PageVerification">
        <test-method status="PASS" signature="initializeBrowser()[pri:0, instance:com.atmecs.AtmecsProject2.PageVerification@210366b4]" name="initializeBrowser" is-config="true" duration-ms="16866" started-at="2019-10-03T13:37:50Z" finished-at="2019-10-03T13:38:07Z">
          <reporter-output>
          </reporter-output>
        </test-method> <!-- initializeBrowser -->
        <test-method status="PASS" signature="goToReadMore()[pri:0, instance:com.atmecs.AtmecsProject2.PageVerification@210366b4]" name="goToReadMore" duration-ms="43380" started-at="2019-10-03T13:38:07Z" finished-at="2019-10-03T13:38:50Z">
          <reporter-output>
          </reporter-output>
        </test-method> <!-- goToReadMore -->
      </class> <!-- com.atmecs.AtmecsProject2.PageVerification -->
    </test> <!-- Default test -->
  </suite> <!-- Default suite -->
</testng-results>
