<?xml version="1.0" encoding="UTF-8"?>
<testng-results skipped="0" failed="1" ignored="0" total="1" passed="0">
  <reporter-output>
  </reporter-output>
  <suite name="Default suite" duration-ms="22109" started-at="2019-09-26T13:44:45Z" finished-at="2019-09-26T13:45:07Z">
    <groups>
    </groups>
    <test name="Default test" duration-ms="22109" started-at="2019-09-26T13:44:45Z" finished-at="2019-09-26T13:45:07Z">
      <class name="com.atmecs.automation.testscripts.VerifyBlogs">
        <test-method status="PASS" signature="initializeBrowser()[pri:0, instance:com.atmecs.automation.testscripts.VerifyBlogs@23e028a9]" name="initializeBrowser" is-config="true" duration-ms="12891" started-at="2019-09-26T13:44:45Z" finished-at="2019-09-26T13:44:58Z">
          <reporter-output>
          </reporter-output>
        </test-method> <!-- initializeBrowser -->
        <test-method status="FAIL" signature="verifyBlogDetails()[pri:0, instance:com.atmecs.automation.testscripts.VerifyBlogs@23e028a9]" name="verifyBlogDetails" duration-ms="9164" started-at="2019-09-26T13:44:58Z" finished-at="2019-09-26T13:45:07Z">
          <exception class="java.lang.AssertionError">
            <message>
              <![CDATA[expected [How Immersive Reality is transforming Healthcare | Atmecs, Inc. | Digital Solutions & Product Engineering Services Immersive Reality has been a great addition to the development of technology over the past decade. Not only in the entertainment industry, but AR and VR] but found [null]]]>
            </message>
            <full-stacktrace>
              <![CDATA[java.lang.AssertionError: expected [How Immersive Reality is transforming Healthcare | Atmecs, Inc. | Digital Solutions & Product Engineering Services Immersive Reality has been a great addition to the development of technology over the past decade. Not only in the entertainment industry, but AR and VR] but found [null]
at org.testng.Assert.fail(Assert.java:96)
at org.testng.Assert.failNotEquals(Assert.java:776)
at org.testng.Assert.assertEqualsImpl(Assert.java:132)
at org.testng.Assert.assertEquals(Assert.java:118)
at org.testng.Assert.assertEquals(Assert.java:453)
at org.testng.Assert.assertEquals(Assert.java:463)
at com.atmecs.automation.testscripts.VerifyBlogs.verifyBlogDetails(VerifyBlogs.java:45)
at sun.reflect.NativeMethodAccessorImpl.invoke0(Native Method)
at sun.reflect.NativeMethodAccessorImpl.invoke(Unknown Source)
at sun.reflect.DelegatingMethodAccessorImpl.invoke(Unknown Source)
at java.lang.reflect.Method.invoke(Unknown Source)
at org.testng.internal.MethodInvocationHelper.invokeMethod(MethodInvocationHelper.java:124)
at org.testng.internal.Invoker.invokeMethod(Invoker.java:583)
at org.testng.internal.Invoker.invokeTestMethod(Invoker.java:719)
at org.testng.internal.Invoker.invokeTestMethods(Invoker.java:989)
at org.testng.internal.TestMethodWorker.invokeTestMethods(TestMethodWorker.java:125)
at org.testng.internal.TestMethodWorker.run(TestMethodWorker.java:109)
at org.testng.TestRunner.privateRun(TestRunner.java:648)
at org.testng.TestRunner.run(TestRunner.java:505)
at org.testng.SuiteRunner.runTest(SuiteRunner.java:455)
at org.testng.SuiteRunner.runSequentially(SuiteRunner.java:450)
at org.testng.SuiteRunner.privateRun(SuiteRunner.java:415)
at org.testng.SuiteRunner.run(SuiteRunner.java:364)
at org.testng.SuiteRunnerWorker.runSuite(SuiteRunnerWorker.java:52)
at org.testng.SuiteRunnerWorker.run(SuiteRunnerWorker.java:84)
at org.testng.TestNG.runSuitesSequentially(TestNG.java:1208)
at org.testng.TestNG.runSuitesLocally(TestNG.java:1137)
at org.testng.TestNG.runSuites(TestNG.java:1049)
at org.testng.TestNG.run(TestNG.java:1017)
at org.testng.remote.AbstractRemoteTestNG.run(AbstractRemoteTestNG.java:115)
at org.testng.remote.RemoteTestNG.initAndRun(RemoteTestNG.java:251)
at org.testng.remote.RemoteTestNG.main(RemoteTestNG.java:77)
]]>
            </full-stacktrace>
          </exception> <!-- java.lang.AssertionError -->
          <reporter-output>
          </reporter-output>
        </test-method> <!-- verifyBlogDetails -->
      </class> <!-- com.atmecs.automation.testscripts.VerifyBlogs -->
    </test> <!-- Default test -->
  </suite> <!-- Default suite -->
</testng-results>
