<?xml version="1.0" encoding="UTF-8"?>
<!-- Generated by org.testng.reporters.JUnitXMLReporter -->
<testsuite hostname="ATMECSINDT-046" ignored="1" name="Test" tests="2" failures="0" timestamp="09 Oct 2019 15:07:55 GMT" time="51.184" errors="0">
  <testcase name="searchValidation" time="4.173" classname="com.atmecs.Konakart_Automation.SearchValidation"/>
  <testcase name="HeroImage" time="28.333" classname="com.atmecs.Konakart_Automation.HeroImage"/>
  <testcase name="@AfterTest getClose" time="0.0" classname="com.atmecs.konakart_automation.reports.ExtentReport">
    <ignored/>
  </testcase> <!-- @AfterTest getClose -->
</testsuite> <!-- Test -->
