<?xml version="1.0" encoding="UTF-8"?>
<testng-results skipped="0" failed="0" ignored="0" total="1" passed="1">
  <reporter-output>
  </reporter-output>
  <suite name="Default suite" duration-ms="57852" started-at="2019-10-03T15:26:27Z" finished-at="2019-10-03T15:27:24Z">
    <groups>
    </groups>
    <test name="Default test" duration-ms="57852" started-at="2019-10-03T15:26:27Z" finished-at="2019-10-03T15:27:24Z">
      <class name="com.atmecs.AtmecsProject2.PageVerification">
        <test-method status="PASS" signature="startReports()[pri:0, instance:com.atmecs.AtmecsProject2.PageVerification@57536d79]" name="startReports" is-config="true" duration-ms="175" started-at="2019-10-03T15:26:27Z" finished-at="2019-10-03T15:26:27Z">
          <reporter-output>
          </reporter-output>
        </test-method> <!-- startReports -->
        <test-method status="PASS" signature="initializeBrowser()[pri:0, instance:com.atmecs.AtmecsProject2.PageVerification@57536d79]" name="initializeBrowser" is-config="true" duration-ms="13479" started-at="2019-10-03T15:26:27Z" finished-at="2019-10-03T15:26:40Z">
          <reporter-output>
          </reporter-output>
        </test-method> <!-- initializeBrowser -->
        <test-method status="PASS" signature="goToReadMore()[pri:0, instance:com.atmecs.AtmecsProject2.PageVerification@57536d79]" name="goToReadMore" duration-ms="43817" started-at="2019-10-03T15:26:40Z" finished-at="2019-10-03T15:27:24Z">
          <reporter-output>
          </reporter-output>
        </test-method> <!-- goToReadMore -->
        <test-method status="PASS" signature="getReport(org.testng.ITestResult)[pri:0, instance:com.atmecs.AtmecsProject2.PageVerification@57536d79]" name="getReport" is-config="true" duration-ms="21" started-at="2019-10-03T15:27:24Z" finished-at="2019-10-03T15:27:24Z">
          <params>
            <param index="0">
              <value>
                <![CDATA[[TestResult name=goToReadMore status=SUCCESS method=PageVerification.goToReadMore()[pri:0, instance:com.atmecs.AtmecsProject2.PageVerification@57536d79] output={null}]]]>
              </value>
            </param>
          </params>
          <reporter-output>
          </reporter-output>
        </test-method> <!-- getReport -->
        <test-method status="PASS" signature="getClose()[pri:0, instance:com.atmecs.AtmecsProject2.PageVerification@57536d79]" name="getClose" is-config="true" duration-ms="326" started-at="2019-10-03T15:27:24Z" finished-at="2019-10-03T15:27:24Z">
          <reporter-output>
          </reporter-output>
        </test-method> <!-- getClose -->
      </class> <!-- com.atmecs.AtmecsProject2.PageVerification -->
    </test> <!-- Default test -->
  </suite> <!-- Default suite -->
</testng-results>
