-------------------------------------------------------------------------------
Test set: TestSuite
-------------------------------------------------------------------------------
Tests run: 1, Failures: 1, Errors: 0, Skipped: 0, Time elapsed: 12.019 s <<< FAILURE! - in TestSuite
searchValidation(com.atmecs.TaskKonakart.TaskKonakort.SearchValidation)  Time elapsed: 0.044 s  <<< FAILURE!
java.lang.NullPointerException
	at com.atmecs.TaskKonakart.TaskKonakort.SearchValidation.searchValidation(SearchValidation.java:38)

