<?xml version="1.0" encoding="UTF-8"?>
<testng-results skipped="0" failed="1" ignored="0" total="1" passed="0">
  <reporter-output>
  </reporter-output>
  <suite name="Suite" duration-ms="10910" started-at="2019-10-14T13:50:47Z" finished-at="2019-10-14T13:50:58Z">
    <groups>
    </groups>
    <test name="Test" duration-ms="10910" started-at="2019-10-14T13:50:47Z" finished-at="2019-10-14T13:50:58Z">
      <class name="com.atmecs.TaskKonakart.TaskKonakort.SearchValidation">
        <test-method status="PASS" signature="startReports()[pri:0, instance:com.atmecs.TaskKonakart.TaskKonakort.SearchValidation@2b98378d]" name="startReports" is-config="true" duration-ms="149" started-at="2019-10-14T13:50:47Z" finished-at="2019-10-14T13:50:47Z">
          <reporter-output>
          </reporter-output>
        </test-method> <!-- startReports -->
        <test-method status="PASS" signature="initializeBrowser()[pri:0, instance:com.atmecs.TaskKonakart.TaskKonakort.SearchValidation@2b98378d]" name="initializeBrowser" is-config="true" duration-ms="9515" started-at="2019-10-14T13:50:47Z" finished-at="2019-10-14T13:50:56Z">
          <reporter-output>
          </reporter-output>
        </test-method> <!-- initializeBrowser -->
        <test-method status="FAIL" signature="searchValidation()[pri:0, instance:com.atmecs.TaskKonakart.TaskKonakort.SearchValidation@2b98378d]" name="searchValidation" duration-ms="31" started-at="2019-10-14T13:50:56Z" finished-at="2019-10-14T13:50:56Z">
          <exception class="java.lang.NullPointerException">
            <full-stacktrace>
              <![CDATA[java.lang.NullPointerException
at org.openqa.selenium.remote.RemoteWebDriver.findElement(RemoteWebDriver.java:315)
at com.atmecs.TaskKonakart.konakart.pageactions.PageActions.dropdown(PageActions.java:29)
at com.atmecs.TaskKonakart.konakart_automation.helpers.SearchProductsHelper.searchProducts(SearchProductsHelper.java:33)
at com.atmecs.TaskKonakart.TaskKonakort.SearchValidation.searchValidation(SearchValidation.java:38)
at sun.reflect.NativeMethodAccessorImpl.invoke0(Native Method)
at sun.reflect.NativeMethodAccessorImpl.invoke(Unknown Source)
at sun.reflect.DelegatingMethodAccessorImpl.invoke(Unknown Source)
at java.lang.reflect.Method.invoke(Unknown Source)
at org.testng.internal.MethodInvocationHelper.invokeMethod(MethodInvocationHelper.java:124)
at org.testng.internal.Invoker.invokeMethod(Invoker.java:583)
at org.testng.internal.Invoker.invokeTestMethod(Invoker.java:719)
at org.testng.internal.Invoker.invokeTestMethods(Invoker.java:989)
at org.testng.internal.TestMethodWorker.invokeTestMethods(TestMethodWorker.java:125)
at org.testng.internal.TestMethodWorker.run(TestMethodWorker.java:109)
at org.testng.TestRunner.privateRun(TestRunner.java:648)
at org.testng.TestRunner.run(TestRunner.java:505)
at org.testng.SuiteRunner.runTest(SuiteRunner.java:455)
at org.testng.SuiteRunner.runSequentially(SuiteRunner.java:450)
at org.testng.SuiteRunner.privateRun(SuiteRunner.java:415)
at org.testng.SuiteRunner.run(SuiteRunner.java:364)
at org.testng.SuiteRunnerWorker.runSuite(SuiteRunnerWorker.java:52)
at org.testng.SuiteRunnerWorker.run(SuiteRunnerWorker.java:84)
at org.testng.TestNG.runSuitesSequentially(TestNG.java:1208)
at org.testng.TestNG.runSuitesLocally(TestNG.java:1137)
at org.testng.TestNG.runSuites(TestNG.java:1049)
at org.testng.TestNG.run(TestNG.java:1017)
at org.apache.maven.surefire.testng.TestNGExecutor.run(TestNGExecutor.java:283)
at org.apache.maven.surefire.testng.TestNGXmlTestSuite.execute(TestNGXmlTestSuite.java:75)
at org.apache.maven.surefire.testng.TestNGProvider.invoke(TestNGProvider.java:120)
at org.apache.maven.surefire.booter.ForkedBooter.invokeProviderInSameClassLoader(ForkedBooter.java:384)
at org.apache.maven.surefire.booter.ForkedBooter.runSuitesInProcess(ForkedBooter.java:345)
at org.apache.maven.surefire.booter.ForkedBooter.execute(ForkedBooter.java:126)
at org.apache.maven.surefire.booter.ForkedBooter.main(ForkedBooter.java:418)
]]>
            </full-stacktrace>
          </exception> <!-- java.lang.NullPointerException -->
          <reporter-output>
          </reporter-output>
        </test-method> <!-- searchValidation -->
        <test-method status="PASS" signature="getReport(org.testng.ITestResult)[pri:0, instance:com.atmecs.TaskKonakart.TaskKonakort.SearchValidation@2b98378d]" name="getReport" is-config="true" duration-ms="754" started-at="2019-10-14T13:50:56Z" finished-at="2019-10-14T13:50:57Z">
          <params>
            <param index="0">
              <value>
                <![CDATA[[TestResult name=searchValidation status=FAILURE method=SearchValidation.searchValidation()[pri:0, instance:com.atmecs.TaskKonakart.TaskKonakort.SearchValidation@2b98378d] output={null}]]]>
              </value>
            </param>
          </params>
          <reporter-output>
          </reporter-output>
        </test-method> <!-- getReport -->
        <test-method status="PASS" signature="getClose()[pri:0, instance:com.atmecs.TaskKonakart.TaskKonakort.SearchValidation@2b98378d]" name="getClose" is-config="true" duration-ms="418" started-at="2019-10-14T13:50:57Z" finished-at="2019-10-14T13:50:58Z">
          <reporter-output>
          </reporter-output>
        </test-method> <!-- getClose -->
        <test-method status="PASS" signature="browserClose()[pri:0, instance:com.atmecs.TaskKonakart.TaskKonakort.SearchValidation@2b98378d]" name="browserClose" is-config="true" duration-ms="176" started-at="2019-10-14T13:50:58Z" finished-at="2019-10-14T13:50:58Z">
          <reporter-output>
          </reporter-output>
        </test-method> <!-- browserClose -->
      </class> <!-- com.atmecs.TaskKonakart.TaskKonakort.SearchValidation -->
    </test> <!-- Test -->
  </suite> <!-- Suite -->
</testng-results>
