<?xml version="1.0" encoding="UTF-8"?>
<testng-results skipped="0" failed="0" ignored="0" total="4" passed="4">
  <reporter-output>
  </reporter-output>
  <suite name="Default suite" duration-ms="36195" started-at="2019-09-13T15:27:57Z" finished-at="2019-09-13T15:28:33Z">
    <groups>
    </groups>
    <test name="Default test" duration-ms="36195" started-at="2019-09-13T15:27:57Z" finished-at="2019-09-13T15:28:33Z">
      <class name="com.atmecs.practo.testscripts.VerifyCart">
        <test-method status="PASS" signature="verifyHomePage()[pri:0, instance:com.atmecs.practo.testscripts.VerifyCart@46d56d67]" name="verifyHomePage" duration-ms="15012" started-at="2019-09-13T15:27:57Z" finished-at="2019-09-13T15:28:12Z">
          <reporter-output>
          </reporter-output>
        </test-method> <!-- verifyHomePage -->
        <test-method status="PASS" signature="verifyPainrelfPage()[pri:1, instance:com.atmecs.practo.testscripts.VerifyCart@46d56d67]" name="verifyPainrelfPage" duration-ms="9091" started-at="2019-09-13T15:28:12Z" finished-at="2019-09-13T15:28:21Z">
          <reporter-output>
          </reporter-output>
        </test-method> <!-- verifyPainrelfPage -->
        <test-method status="PASS" signature="verifyFirstProduct()[pri:2, instance:com.atmecs.practo.testscripts.VerifyCart@46d56d67]" name="verifyFirstProduct" duration-ms="10571" started-at="2019-09-13T15:28:21Z" finished-at="2019-09-13T15:28:31Z">
          <reporter-output>
          </reporter-output>
        </test-method> <!-- verifyFirstProduct -->
        <test-method status="PASS" signature="verifyPdtinCart()[pri:3, instance:com.atmecs.practo.testscripts.VerifyCart@46d56d67]" name="verifyPdtinCart" duration-ms="1469" started-at="2019-09-13T15:28:31Z" finished-at="2019-09-13T15:28:33Z">
          <reporter-output>
          </reporter-output>
        </test-method> <!-- verifyPdtinCart -->
      </class> <!-- com.atmecs.practo.testscripts.VerifyCart -->
    </test> <!-- Default test -->
  </suite> <!-- Default suite -->
</testng-results>
