<?xml version="1.0" encoding="UTF-8"?>
<testng-results skipped="0" failed="1" ignored="0" total="4" passed="3">
  <reporter-output>
  </reporter-output>
  <suite name="Default suite" duration-ms="32595" started-at="2019-09-16T10:15:35Z" finished-at="2019-09-16T10:16:07Z">
    <groups>
    </groups>
    <test name="Default test" duration-ms="32595" started-at="2019-09-16T10:15:35Z" finished-at="2019-09-16T10:16:07Z">
      <class name="com.atmecs.practo.testscripts.VerifyCart">
        <test-method status="PASS" signature="verifyHomePage()[pri:0, instance:com.atmecs.practo.testscripts.VerifyCart@5ec0a365]" name="verifyHomePage" duration-ms="14719" started-at="2019-09-16T10:15:35Z" finished-at="2019-09-16T10:15:49Z">
          <reporter-output>
          </reporter-output>
        </test-method> <!-- verifyHomePage -->
        <test-method status="FAIL" signature="verifyPainrelfPage()[pri:1, instance:com.atmecs.practo.testscripts.VerifyCart@5ec0a365]" name="verifyPainrelfPage" duration-ms="5013" started-at="2019-09-16T10:15:49Z" finished-at="2019-09-16T10:15:54Z">
          <exception class="java.lang.IllegalArgumentException">
            <message>
              <![CDATA[Cannot find elements when the XPath is null.]]>
            </message>
            <full-stacktrace>
              <![CDATA[java.lang.IllegalArgumentException: Cannot find elements when the XPath is null.
at org.openqa.selenium.By$ByXPath.<init>(By.java:339)
at org.openqa.selenium.By.xpath(By.java:92)
at com.atmecs.practo.testscripts.Login.verifyPainrelfPage(Login.java:78)
at sun.reflect.NativeMethodAccessorImpl.invoke0(Native Method)
at sun.reflect.NativeMethodAccessorImpl.invoke(Unknown Source)
at sun.reflect.DelegatingMethodAccessorImpl.invoke(Unknown Source)
at java.lang.reflect.Method.invoke(Unknown Source)
at org.testng.internal.MethodInvocationHelper.invokeMethod(MethodInvocationHelper.java:124)
at org.testng.internal.Invoker.invokeMethod(Invoker.java:583)
at org.testng.internal.Invoker.invokeTestMethod(Invoker.java:719)
at org.testng.internal.Invoker.invokeTestMethods(Invoker.java:989)
at org.testng.internal.TestMethodWorker.invokeTestMethods(TestMethodWorker.java:125)
at org.testng.internal.TestMethodWorker.run(TestMethodWorker.java:109)
at org.testng.TestRunner.privateRun(TestRunner.java:648)
at org.testng.TestRunner.run(TestRunner.java:505)
at org.testng.SuiteRunner.runTest(SuiteRunner.java:455)
at org.testng.SuiteRunner.runSequentially(SuiteRunner.java:450)
at org.testng.SuiteRunner.privateRun(SuiteRunner.java:415)
at org.testng.SuiteRunner.run(SuiteRunner.java:364)
at org.testng.SuiteRunnerWorker.runSuite(SuiteRunnerWorker.java:52)
at org.testng.SuiteRunnerWorker.run(SuiteRunnerWorker.java:84)
at org.testng.TestNG.runSuitesSequentially(TestNG.java:1208)
at org.testng.TestNG.runSuitesLocally(TestNG.java:1137)
at org.testng.TestNG.runSuites(TestNG.java:1049)
at org.testng.TestNG.run(TestNG.java:1017)
at org.testng.remote.AbstractRemoteTestNG.run(AbstractRemoteTestNG.java:115)
at org.testng.remote.RemoteTestNG.initAndRun(RemoteTestNG.java:251)
at org.testng.remote.RemoteTestNG.main(RemoteTestNG.java:77)
]]>
            </full-stacktrace>
          </exception> <!-- java.lang.IllegalArgumentException -->
          <reporter-output>
          </reporter-output>
        </test-method> <!-- verifyPainrelfPage -->
        <test-method status="PASS" signature="verifyFirstProduct()[pri:2, instance:com.atmecs.practo.testscripts.VerifyCart@5ec0a365]" name="verifyFirstProduct" duration-ms="11405" started-at="2019-09-16T10:15:54Z" finished-at="2019-09-16T10:16:06Z">
          <reporter-output>
          </reporter-output>
        </test-method> <!-- verifyFirstProduct -->
        <test-method status="PASS" signature="verifyPdtinCart()[pri:3, instance:com.atmecs.practo.testscripts.VerifyCart@5ec0a365]" name="verifyPdtinCart" duration-ms="1412" started-at="2019-09-16T10:16:06Z" finished-at="2019-09-16T10:16:07Z">
          <reporter-output>
          </reporter-output>
        </test-method> <!-- verifyPdtinCart -->
      </class> <!-- com.atmecs.practo.testscripts.VerifyCart -->
    </test> <!-- Default test -->
  </suite> <!-- Default suite -->
</testng-results>
