<?xml version="1.0" encoding="UTF-8"?>
<!-- Generated by org.testng.reporters.JUnitXMLReporter -->
<testsuite hostname="ATMECSINDT-046" ignored="0" name="Test" tests="1" failures="1" timestamp="14 Oct 2019 13:50:58 GMT" time="10.91" errors="0">
  <testcase name="searchValidation" time="0.031" classname="com.atmecs.TaskKonakart.TaskKonakort.SearchValidation">
    <failure type="java.lang.NullPointerException">
      <![CDATA[java.lang.NullPointerException
at org.openqa.selenium.remote.RemoteWebDriver.findElement(RemoteWebDriver.java:315)
at com.atmecs.TaskKonakart.konakart.pageactions.PageActions.dropdown(PageActions.java:29)
at com.atmecs.TaskKonakart.konakart_automation.helpers.SearchProductsHelper.searchProducts(SearchProductsHelper.java:33)
at com.atmecs.TaskKonakart.TaskKonakort.SearchValidation.searchValidation(SearchValidation.java:38)
... Removed 29 stack frames]]>
    </failure>
  </testcase> <!-- searchValidation -->
</testsuite> <!-- Test -->
